# JRE version: OpenJDK Runtime Environment (17.0.7) (build 17.0.7+0-b2043.56-10550314)
# Java VM: OpenJDK 64-Bit Server VM (17.0.7+0-b2043.56-10550314, mixed mode, tiered, compressed oops, compressed class ptrs, g1 gc, windows-amd64)
GC Precious Log:
 CPUs: 12 total, 12 available
 Memory: 16163M
 Large Page Support: Disabled
 NUMA Support: Disabled
 Compressed Oops: Enabled (Zero based)
 Heap Region Size: 2M
 Heap Min Capacity: 8M
 Heap Initial Capacity: 254M
 Heap Max Capacity: 4042M
 Pre-touch: Disabled
 Parallel Workers: 10
 Concurrent Workers: 3
 Concurrent Refinement Workers: 10
 Periodic GC: Disabled
Heap:
 garbage-first heap   total 40960K, used 17080K [0x0000000703600000, 0x0000000800000000)
  region size 2048K, 1 young (2048K), 1 survivors (2048K)
 Metaspace       used 38568K, committed 38848K, reserved 1114112K
  class space    used 4800K, committed 4928K, reserved 1048576K
GC Heap History (15 events):
Event: 1.601 GC heap before
{Heap before GC invocations=0 (full 0):
 garbage-first heap   total 260096K, used 24576K [0x0000000703600000, 0x0000000800000000)
  region size 2048K, 11 young (22528K), 0 survivors (0K)
 Metaspace       used 12894K, committed 12992K, reserved 1114112K
  class space    used 1232K, committed 1280K, reserved 1048576K
}
Event: 1.611 GC heap after
{Heap after GC invocations=1 (full 0):
 garbage-first heap   total 260096K, used 6578K [0x0000000703600000, 0x0000000800000000)
  region size 2048K, 2 young (4096K), 2 survivors (4096K)
 Metaspace       used 12894K, committed 12992K, reserved 1114112K
  class space    used 1232K, committed 1280K, reserved 1048576K
}
Event: 3.316 GC heap before
{Heap before GC invocations=1 (full 0):
 garbage-first heap   total 260096K, used 39346K [0x0000000703600000, 0x0000000800000000)
  region size 2048K, 20 young (40960K), 2 survivors (4096K)
 Metaspace       used 21339K, committed 21504K, reserved 1114112K
  class space    used 2328K, committed 2432K, reserved 1048576K
}
Event: 3.321 GC heap after
{Heap after GC invocations=2 (full 0):
 garbage-first heap   total 260096K, used 8402K [0x0000000703600000, 0x0000000800000000)
  region size 2048K, 3 young (6144K), 3 survivors (6144K)
 Metaspace       used 21339K, committed 21504K, reserved 1114112K
  class space    used 2328K, committed 2432K, reserved 1048576K
}
Event: 4.597 GC heap before
{Heap before GC invocations=3 (full 0):
 garbage-first heap   total 40960K, used 28882K [0x0000000703600000, 0x0000000800000000)
  region size 2048K, 14 young (28672K), 3 survivors (6144K)
 Metaspace       used 28809K, committed 28992K, reserved 1114112K
  class space    used 3576K, committed 3648K, reserved 1048576K
}
Event: 4.608 GC heap after
{Heap after GC invocations=4 (full 0):
 garbage-first heap   total 40960K, used 9440K [0x0000000703600000, 0x0000000800000000)
  region size 2048K, 3 young (6144K), 3 survivors (6144K)
 Metaspace       used 28809K, committed 28992K, reserved 1114112K
  class space    used 3576K, committed 3648K, reserved 1048576K
}
Event: 5.313 GC heap before
{Heap before GC invocations=4 (full 0):
 garbage-first heap   total 40960K, used 29920K [0x0000000703600000, 0x0000000800000000)
  region size 2048K, 12 young (24576K), 3 survivors (6144K)
 Metaspace       used 31488K, committed 31680K, reserved 1114112K
  class space    used 4057K, committed 4160K, reserved 1048576K
}
Event: 5.329 GC heap after
{Heap after GC invocations=5 (full 0):
 garbage-first heap   total 40960K, used 15001K [0x0000000703600000, 0x0000000800000000)
  region size 2048K, 2 young (4096K), 2 survivors (4096K)
 Metaspace       used 31488K, committed 31680K, reserved 1114112K
  class space    used 4057K, committed 4160K, reserved 1048576K
}
Event: 6.085 GC heap before
{Heap before GC invocations=5 (full 0):
 garbage-first heap   total 40960K, used 29337K [0x0000000703600000, 0x0000000800000000)
  region size 2048K, 9 young (18432K), 2 survivors (4096K)
 Metaspace       used 34845K, committed 35072K, reserved 1114112K
  class space    used 4431K, committed 4544K, reserved 1048576K
}
Event: 6.097 GC heap after
{Heap after GC invocations=6 (full 0):
 garbage-first heap   total 40960K, used 15109K [0x0000000703600000, 0x0000000800000000)
  region size 2048K, 1 young (2048K), 1 survivors (2048K)
 Metaspace       used 34845K, committed 35072K, reserved 1114112K
  class space    used 4431K, committed 4544K, reserved 1048576K
}
Event: 6.229 GC heap before
{Heap before GC invocations=6 (full 0):
 garbage-first heap   total 40960K, used 19205K [0x0000000703600000, 0x0000000800000000)
  region size 2048K, 4 young (8192K), 1 survivors (2048K)
 Metaspace       used 35763K, committed 35968K, reserved 1114112K
  class space    used 4536K, committed 4672K, reserved 1048576K
}
Event: 6.235 GC heap after
{Heap after GC invocations=7 (full 0):
 garbage-first heap   total 40960K, used 16340K [0x0000000703600000, 0x0000000800000000)
  region size 2048K, 1 young (2048K), 1 survivors (2048K)
 Metaspace       used 35763K, committed 35968K, reserved 1114112K
  class space    used 4536K, committed 4672K, reserved 1048576K
}
Event: 6.651 GC heap before
{Heap before GC invocations=8 (full 0):
 garbage-first heap   total 40960K, used 26580K [0x0000000703600000, 0x0000000800000000)
  region size 2048K, 7 young (14336K), 1 survivors (2048K)
 Metaspace       used 38094K, committed 38336K, reserved 1114112K
  class space    used 4774K, committed 4864K, reserved 1048576K
}
Event: 6.657 GC heap after
{Heap after GC invocations=9 (full 0):
 garbage-first heap   total 40960K, used 17249K [0x0000000703600000, 0x0000000800000000)
  region size 2048K, 1 young (2048K), 1 survivors (2048K)
 Metaspace       used 38094K, committed 38336K, reserved 1114112K
  class space    used 4774K, committed 4864K, reserved 1048576K
}
Event: 6.727 GC heap before
{Heap before GC invocations=9 (full 0):
 garbage-first heap   total 40960K, used 19297K [0x0000000703600000, 0x0000000800000000)
  region size 2048K, 2 young (4096K), 1 survivors (2048K)
 Metaspace       used 38568K, committed 38848K, reserved 1114112K
  class space    used 4800K, committed 4928K, reserved 1048576K
}

